<?xml version="1.0" encoding="UTF-8"?>
<!-- Generated by org.testng.reporters.JUnitReportReporter -->
<testsuite hostname="LAPTOP-EIQS39NV" failures="0" tests="1" name="com.Westpac.testCases.TC003_CalKiwiSaverBalance_Scenario1" time="288.136" errors="0" timestamp="2020-09-26T19:53:09 NZST" skipped="0">
  <testcase classname="com.Westpac.testCases.TC003_CalKiwiSaverBalance_Scenario1" name="CalculateKiwiSaverBalance" time="288.136"/>
  <system-out/>
</testsuite> <!-- com.Westpac.testCases.TC003_CalKiwiSaverBalance_Scenario1 -->
